20:40:35,660  INFO Version:66 - HCANN000001: Hibernate Commons Annotations {4.0.5.Final}
20:40:35,686  INFO Version:54 - HHH000412: Hibernate Core {4.3.6.Final}
20:40:35,719  INFO Environment:239 - HHH000206: hibernate.properties not found
20:40:35,779  INFO Environment:346 - HHH000021: Bytecode provider name : javassist
20:40:35,859  INFO Configuration:2073 - HHH000043: Configuring from resource: /hibernate.cfg.xml
20:40:35,859  INFO Configuration:2092 - HHH000040: Configuration resource: /hibernate.cfg.xml
20:40:36,110  WARN DTDEntityResolver:75 - HHH000223: Recognized obsolete hibernate namespace http://hibernate.sourceforge.net/. Use namespace http://www.hibernate.org/dtd/ instead. Refer to Hibernate 3.6 Migration Guide!
21:32:30,962  INFO Version:66 - HCANN000001: Hibernate Commons Annotations {4.0.5.Final}
21:32:30,969  INFO Version:54 - HHH000412: Hibernate Core {4.3.6.Final}
21:32:30,970  INFO Environment:239 - HHH000206: hibernate.properties not found
21:32:30,971  INFO Environment:346 - HHH000021: Bytecode provider name : javassist
21:32:30,989  INFO Configuration:2073 - HHH000043: Configuring from resource: /hibernate.cfg.xml
21:32:30,991  INFO Configuration:2092 - HHH000040: Configuration resource: /hibernate.cfg.xml
21:32:31,031  WARN DTDEntityResolver:75 - HHH000223: Recognized obsolete hibernate namespace http://hibernate.sourceforge.net/. Use namespace http://www.hibernate.org/dtd/ instead. Refer to Hibernate 3.6 Migration Guide!
21:33:36,335  INFO Version:66 - HCANN000001: Hibernate Commons Annotations {4.0.5.Final}
21:33:36,342  INFO Version:54 - HHH000412: Hibernate Core {4.3.6.Final}
21:33:36,343  INFO Environment:239 - HHH000206: hibernate.properties not found
21:33:36,344  INFO Environment:346 - HHH000021: Bytecode provider name : javassist
21:33:36,361  INFO Configuration:2073 - HHH000043: Configuring from resource: /hibernate.cfg.xml
21:33:36,362  INFO Configuration:2092 - HHH000040: Configuration resource: /hibernate.cfg.xml
21:33:36,401  WARN DTDEntityResolver:75 - HHH000223: Recognized obsolete hibernate namespace http://hibernate.sourceforge.net/. Use namespace http://www.hibernate.org/dtd/ instead. Refer to Hibernate 3.6 Migration Guide!
21:35:53,051  INFO Version:66 - HCANN000001: Hibernate Commons Annotations {4.0.5.Final}
21:35:53,074  INFO Version:54 - HHH000412: Hibernate Core {4.3.6.Final}
21:35:53,082  INFO Environment:239 - HHH000206: hibernate.properties not found
21:35:53,084  INFO Environment:346 - HHH000021: Bytecode provider name : javassist
21:35:53,166  INFO Configuration:2073 - HHH000043: Configuring from resource: /hibernate.cfg.xml
21:35:53,166  INFO Configuration:2092 - HHH000040: Configuration resource: /hibernate.cfg.xml
21:35:53,415  WARN DTDEntityResolver:75 - HHH000223: Recognized obsolete hibernate namespace http://hibernate.sourceforge.net/. Use namespace http://www.hibernate.org/dtd/ instead. Refer to Hibernate 3.6 Migration Guide!
21:35:53,538  INFO Configuration:2214 - HHH000041: Configured SessionFactory: null
21:35:53,785  WARN DriverManagerConnectionProviderImpl:93 - HHH000402: Using Hibernate built-in connection pool (not for production use!)
21:35:54,560  INFO DriverManagerConnectionProviderImpl:166 - HHH000401: using driver [oracle.jdbc.driver.OracleDriver] at URL [jdbc:oracle:thin:@localhost:1521:XE]
21:35:54,560  INFO DriverManagerConnectionProviderImpl:175 - HHH000046: Connection properties: {user=OSMBUFFERSERVER, password=****}
21:35:54,561  INFO DriverManagerConnectionProviderImpl:180 - HHH000006: Autocommit mode: false
21:35:54,591  INFO DriverManagerConnectionProviderImpl:102 - HHH000115: Hibernate connection pool size: 1 (min=1)
21:35:55,962  INFO Dialect:145 - HHH000400: Using dialect: org.hibernate.dialect.Oracle10gDialect
21:35:56,791  INFO TransactionFactoryInitiator:62 - HHH000399: Using default transaction strategy (direct JDBC transactions)
21:35:56,809  INFO ASTQueryTranslatorFactory:47 - HHH000397: Using ASTQueryTranslatorFactory
21:35:57,429  INFO SchemaUpdate:182 - HHH000228: Running hbm2ddl schema update
21:35:57,429  INFO SchemaUpdate:193 - HHH000102: Fetching database metadata
21:36:00,368  INFO SchemaUpdate:205 - HHH000396: Updating schema
21:36:09,183  INFO TableMetadata:66 - HHH000261: Table found: OSMBUFFERSERVER.DBMAPPOSITION
21:36:09,183  INFO TableMetadata:67 - HHH000037: Columns: [path_id, latitude, idx, position_id, longitude]
21:36:09,184  INFO TableMetadata:69 - HHH000108: Foreign keys: [dbmapposition_fk1]
21:36:09,184  INFO TableMetadata:70 - HHH000126: Indexes: [dbmapposition_pk]
21:36:09,342  INFO TableMetadata:66 - HHH000261: Table found: OSMBUFFERSERVER.DBPATH
21:36:09,343  INFO TableMetadata:67 - HHH000037: Columns: [start_longitude, path_id, start_latitude, end_longitude, end_latitude]
21:36:09,343  INFO TableMetadata:69 - HHH000108: Foreign keys: []
21:36:09,343  INFO TableMetadata:70 - HHH000126: Indexes: [path_pk]
21:36:09,344  INFO SchemaUpdate:242 - HHH000232: Schema update complete
21:36:11,879  INFO Configuration:2073 - HHH000043: Configuring from resource: /hibernate.cfg.xml
21:36:11,880  INFO Configuration:2092 - HHH000040: Configuration resource: /hibernate.cfg.xml
21:36:11,883  WARN DTDEntityResolver:75 - HHH000223: Recognized obsolete hibernate namespace http://hibernate.sourceforge.net/. Use namespace http://www.hibernate.org/dtd/ instead. Refer to Hibernate 3.6 Migration Guide!
21:36:11,888  INFO Configuration:2214 - HHH000041: Configured SessionFactory: null
21:36:11,896  WARN DriverManagerConnectionProviderImpl:93 - HHH000402: Using Hibernate built-in connection pool (not for production use!)
21:36:11,896  INFO DriverManagerConnectionProviderImpl:166 - HHH000401: using driver [oracle.jdbc.driver.OracleDriver] at URL [jdbc:oracle:thin:@localhost:1521:XE]
21:36:11,897  INFO DriverManagerConnectionProviderImpl:175 - HHH000046: Connection properties: {user=OSMBUFFERSERVER, password=****}
21:36:11,897  INFO DriverManagerConnectionProviderImpl:180 - HHH000006: Autocommit mode: false
21:36:11,898  INFO DriverManagerConnectionProviderImpl:102 - HHH000115: Hibernate connection pool size: 1 (min=1)
21:36:12,013  INFO Dialect:145 - HHH000400: Using dialect: org.hibernate.dialect.Oracle10gDialect
21:36:12,074  INFO TransactionFactoryInitiator:62 - HHH000399: Using default transaction strategy (direct JDBC transactions)
21:36:12,075  INFO ASTQueryTranslatorFactory:47 - HHH000397: Using ASTQueryTranslatorFactory
21:36:12,087  INFO SchemaUpdate:182 - HHH000228: Running hbm2ddl schema update
21:36:12,087  INFO SchemaUpdate:193 - HHH000102: Fetching database metadata
21:36:12,149  INFO SchemaUpdate:205 - HHH000396: Updating schema
21:36:12,162  INFO TableMetadata:66 - HHH000261: Table found: OSMBUFFERSERVER.DBMAPPOSITION
21:36:12,162  INFO TableMetadata:67 - HHH000037: Columns: [path_id, latitude, idx, position_id, longitude]
21:36:12,163  INFO TableMetadata:69 - HHH000108: Foreign keys: [dbmapposition_fk1]
21:36:12,163  INFO TableMetadata:70 - HHH000126: Indexes: [dbmapposition_pk]
21:36:12,171  INFO TableMetadata:66 - HHH000261: Table found: OSMBUFFERSERVER.DBPATH
21:36:12,171  INFO TableMetadata:67 - HHH000037: Columns: [start_longitude, path_id, start_latitude, end_longitude, end_latitude]
21:36:12,171  INFO TableMetadata:69 - HHH000108: Foreign keys: []
21:36:12,172  INFO TableMetadata:70 - HHH000126: Indexes: [path_pk]
21:36:12,172  INFO SchemaUpdate:242 - HHH000232: Schema update complete
14:51:57,557  INFO Version:66 - HCANN000001: Hibernate Commons Annotations {4.0.5.Final}
14:51:57,588  INFO Version:54 - HHH000412: Hibernate Core {4.3.6.Final}
14:51:57,588  INFO Environment:239 - HHH000206: hibernate.properties not found
14:51:57,588  INFO Environment:346 - HHH000021: Bytecode provider name : javassist
14:51:57,635  INFO Configuration:2073 - HHH000043: Configuring from resource: /hibernate.cfg.xml
14:51:57,635  INFO Configuration:2092 - HHH000040: Configuration resource: /hibernate.cfg.xml
14:51:58,041  WARN DTDEntityResolver:75 - HHH000223: Recognized obsolete hibernate namespace http://hibernate.sourceforge.net/. Use namespace http://www.hibernate.org/dtd/ instead. Refer to Hibernate 3.6 Migration Guide!
14:51:58,134  INFO Configuration:2214 - HHH000041: Configured SessionFactory: null
14:51:58,321  WARN DriverManagerConnectionProviderImpl:93 - HHH000402: Using Hibernate built-in connection pool (not for production use!)
14:51:58,821  INFO DriverManagerConnectionProviderImpl:166 - HHH000401: using driver [oracle.jdbc.driver.OracleDriver] at URL [jdbc:oracle:thin:@localhost:1521:XE]
14:51:58,821  INFO DriverManagerConnectionProviderImpl:175 - HHH000046: Connection properties: {user=OSMBUFFERSERVER, password=****}
14:51:58,821  INFO DriverManagerConnectionProviderImpl:180 - HHH000006: Autocommit mode: false
14:51:58,836  INFO DriverManagerConnectionProviderImpl:102 - HHH000115: Hibernate connection pool size: 1 (min=1)
14:54:22,667  INFO Configuration:2073 - HHH000043: Configuring from resource: /hibernate.cfg.xml
14:54:22,667  INFO Configuration:2092 - HHH000040: Configuration resource: /hibernate.cfg.xml
14:54:22,667  WARN DTDEntityResolver:75 - HHH000223: Recognized obsolete hibernate namespace http://hibernate.sourceforge.net/. Use namespace http://www.hibernate.org/dtd/ instead. Refer to Hibernate 3.6 Migration Guide!
14:54:22,667  INFO Configuration:2214 - HHH000041: Configured SessionFactory: null
14:54:22,682  WARN DriverManagerConnectionProviderImpl:93 - HHH000402: Using Hibernate built-in connection pool (not for production use!)
14:54:22,682  INFO DriverManagerConnectionProviderImpl:166 - HHH000401: using driver [oracle.jdbc.driver.OracleDriver] at URL [jdbc:oracle:thin:@localhost:1521:XE]
14:54:22,682  INFO DriverManagerConnectionProviderImpl:175 - HHH000046: Connection properties: {user=OSMBUFFERSERVER, password=****}
14:54:22,682  INFO DriverManagerConnectionProviderImpl:180 - HHH000006: Autocommit mode: false
14:54:22,682  INFO DriverManagerConnectionProviderImpl:102 - HHH000115: Hibernate connection pool size: 1 (min=1)
14:54:23,369  INFO Dialect:145 - HHH000400: Using dialect: org.hibernate.dialect.Oracle10gDialect
14:54:23,759  INFO TransactionFactoryInitiator:62 - HHH000399: Using default transaction strategy (direct JDBC transactions)
14:54:23,774  INFO ASTQueryTranslatorFactory:47 - HHH000397: Using ASTQueryTranslatorFactory
14:54:24,273  INFO SchemaUpdate:182 - HHH000228: Running hbm2ddl schema update
14:54:24,273  INFO SchemaUpdate:193 - HHH000102: Fetching database metadata
14:54:24,539  INFO SchemaUpdate:205 - HHH000396: Updating schema
14:54:31,091  INFO TableMetadata:66 - HHH000261: Table found: OSMBUFFERSERVER.DBMAPPOSITION
14:54:31,091  INFO TableMetadata:67 - HHH000037: Columns: [path_id, latitude, idx, position_id, longitude]
14:54:31,091  INFO TableMetadata:69 - HHH000108: Foreign keys: [dbmapposition_fk1]
14:54:31,091  INFO TableMetadata:70 - HHH000126: Indexes: [dbmapposition_pk]
14:54:31,200  INFO TableMetadata:66 - HHH000261: Table found: OSMBUFFERSERVER.DBPATH
14:54:31,200  INFO TableMetadata:67 - HHH000037: Columns: [start_longitude, path_id, start_latitude, end_longitude, end_latitude]
14:54:31,200  INFO TableMetadata:69 - HHH000108: Foreign keys: []
14:54:31,200  INFO TableMetadata:70 - HHH000126: Indexes: [path_pk]
14:54:31,200  INFO SchemaUpdate:242 - HHH000232: Schema update complete
14:54:52,340  INFO Configuration:2073 - HHH000043: Configuring from resource: /hibernate.cfg.xml
14:54:52,340  INFO Configuration:2092 - HHH000040: Configuration resource: /hibernate.cfg.xml
14:54:52,340  WARN DTDEntityResolver:75 - HHH000223: Recognized obsolete hibernate namespace http://hibernate.sourceforge.net/. Use namespace http://www.hibernate.org/dtd/ instead. Refer to Hibernate 3.6 Migration Guide!
14:54:52,340  INFO Configuration:2214 - HHH000041: Configured SessionFactory: null
14:54:52,355  WARN DriverManagerConnectionProviderImpl:93 - HHH000402: Using Hibernate built-in connection pool (not for production use!)
14:54:52,355  INFO DriverManagerConnectionProviderImpl:166 - HHH000401: using driver [oracle.jdbc.driver.OracleDriver] at URL [jdbc:oracle:thin:@localhost:1521:XE]
14:54:52,355  INFO DriverManagerConnectionProviderImpl:175 - HHH000046: Connection properties: {user=OSMBUFFERSERVER, password=****}
14:54:52,355  INFO DriverManagerConnectionProviderImpl:180 - HHH000006: Autocommit mode: false
14:54:52,355  INFO DriverManagerConnectionProviderImpl:102 - HHH000115: Hibernate connection pool size: 1 (min=1)
14:54:52,387  INFO Dialect:145 - HHH000400: Using dialect: org.hibernate.dialect.Oracle10gDialect
14:54:52,402  INFO TransactionFactoryInitiator:62 - HHH000399: Using default transaction strategy (direct JDBC transactions)
14:54:52,402  INFO ASTQueryTranslatorFactory:47 - HHH000397: Using ASTQueryTranslatorFactory
14:54:52,402  INFO SchemaUpdate:182 - HHH000228: Running hbm2ddl schema update
14:54:52,402  INFO SchemaUpdate:193 - HHH000102: Fetching database metadata
14:54:52,449  INFO SchemaUpdate:205 - HHH000396: Updating schema
14:54:52,465  INFO TableMetadata:66 - HHH000261: Table found: OSMBUFFERSERVER.DBMAPPOSITION
14:54:52,465  INFO TableMetadata:67 - HHH000037: Columns: [path_id, latitude, idx, position_id, longitude]
14:54:52,465  INFO TableMetadata:69 - HHH000108: Foreign keys: [dbmapposition_fk1]
14:54:52,465  INFO TableMetadata:70 - HHH000126: Indexes: [dbmapposition_pk]
14:54:52,465  INFO TableMetadata:66 - HHH000261: Table found: OSMBUFFERSERVER.DBPATH
14:54:52,465  INFO TableMetadata:67 - HHH000037: Columns: [start_longitude, path_id, start_latitude, end_longitude, end_latitude]
14:54:52,465  INFO TableMetadata:69 - HHH000108: Foreign keys: []
14:54:52,465  INFO TableMetadata:70 - HHH000126: Indexes: [path_pk]
14:54:52,465  INFO SchemaUpdate:242 - HHH000232: Schema update complete
